Traceback (most recent call last):
  File "/fs04/fc37/adam/projects/nn4psych/scripts/training/train_context_dm.py", line 28, in <module>
    from nn4psych.training.resources import configure_cpu_threads
  File "/fs04/fc37/adam/projects/nn4psych/src/nn4psych/training/__init__.py", line 3, in <module>
    from nn4psych.training.configs import ModelConfig, TaskConfig, TrainingConfig, ExperimentConfig
  File "/fs04/fc37/adam/projects/nn4psych/src/nn4psych/training/configs.py", line 17, in <module>
    import yaml
ModuleNotFoundError: No module named 'yaml'
Traceback (most recent call last):
  File "<string>", line 8, in <module>
  File "/scratch/fc37/aman0087/conda/envs/actinf-py-scripts/lib/python3.10/site-packages/torch/serialization.py", line 1500, in load
    with _open_file_like(f, "rb") as opened_file:
  File "/scratch/fc37/aman0087/conda/envs/actinf-py-scripts/lib/python3.10/site-packages/torch/serialization.py", line 768, in _open_file_like
    return _open_file(name_or_buffer, mode)
  File "/scratch/fc37/aman0087/conda/envs/actinf-py-scripts/lib/python3.10/site-packages/torch/serialization.py", line 749, in __init__
    super().__init__(open(name, mode))  # noqa: SIM115
FileNotFoundError: [Errno 2] No such file or directory: 'data/processed/rnn_behav/model_context_dm_dual.pth'
Traceback (most recent call last):
  File "<stdin>", line 26, in <module>
  File "/scratch/fc37/aman0087/conda/envs/actinf-py-scripts/lib/python3.10/site-packages/numpy/lib/_npyio_impl.py", line 459, in load
    fid = stack.enter_context(open(os.fspath(file), "rb"))
FileNotFoundError: [Errno 2] No such file or directory: 'data/processed/rnn_behav/circuit_data.npz'
